<?xml version="1.0" encoding="UTF-8"?>
<!-- Generated by org.testng.reporters.JUnitXMLReporter -->
<testsuite hostname="PRINHYLTPAP0894.local" name="Test" tests="6" failures="2" timestamp="30 Sep 2019 02:44:49 GMT" time="276.078" errors="0">
  <testcase name="verifyLoginWithInvalidCredentials" time="5.784" classname="documentexplorer.OmniusAssignment.LoginTest"/>
  <testcase name="verifyLoginWithEmptyCredentials" time="1.177" classname="documentexplorer.OmniusAssignment.LoginTest"/>
  <testcase name="verifyLoginWithValidCredentials" time="5.5" classname="documentexplorer.OmniusAssignment.LoginTest"/>
  <testcase name="checkIfUserAbleToCreateCollection" time="10.872" classname="documentexplorer.OmniusAssignment.CollectionsTest"/>
  <testcase name="checkCollectionSearchFunctionality" time="5.473" classname="documentexplorer.OmniusAssignment.CollectionsTest">
    <failure type="org.openqa.selenium.NoSuchWindowException" message="no such window: window was already closed
  (Session info: chrome=77.0.3865.90)
Build info: version: &amp;apos;3.9.1&amp;apos;, revision: &amp;apos;63f7b50&amp;apos;, time: &amp;apos;2018-02-07T22:25:02.294Z&amp;apos;
System info: host: &amp;apos;PRINHYLTPAP0894.local&amp;apos;, ip: &amp;apos;192.168.1.5&amp;apos;, os.name: &amp;apos;Mac OS X&amp;apos;, os.arch: &amp;apos;x86_64&amp;apos;, os.version: &amp;apos;10.13.6&amp;apos;, java.version: &amp;apos;1.8.0_191&amp;apos;
Driver info: org.openqa.selenium.chrome.ChromeDriver
Capabilities {acceptInsecureCerts: false, browserName: chrome, browserVersion: 77.0.3865.90, chrome: {chromedriverVersion: 77.0.3865.40 (f484704e052e0..., userDataDir: /var/folders/9h/71b1l3qd1c9...}, goog:chromeOptions: {debuggerAddress: localhost:56985}, javascriptEnabled: true, networkConnectionEnabled: false, pageLoadStrategy: normal, platform: MAC, platformName: MAC, proxy: Proxy(), setWindowRect: true, strictFileInteractability: false, timeouts: {implicit: 0, pageLoad: 300000, script: 30000}, unhandledPromptBehavior: dismiss and notify}
Session ID: 52d1daaadce40f0e814b55740142f2e2
*** Element info: {Using=xpath, value=//input[contains(@placeholder,&amp;apos;Search&amp;apos;)]/ancestor::header/following-sibling::main/table//tr}">
      <![CDATA[org.openqa.selenium.NoSuchWindowException: no such window: window was already closed
  (Session info: chrome=77.0.3865.90)
Build info: version: '3.9.1', revision: '63f7b50', time: '2018-02-07T22:25:02.294Z'
System info: host: 'PRINHYLTPAP0894.local', ip: '192.168.1.5', os.name: 'Mac OS X', os.arch: 'x86_64', os.version: '10.13.6', java.version: '1.8.0_191'
Driver info: org.openqa.selenium.chrome.ChromeDriver
Capabilities {acceptInsecureCerts: false, browserName: chrome, browserVersion: 77.0.3865.90, chrome: {chromedriverVersion: 77.0.3865.40 (f484704e052e0..., userDataDir: /var/folders/9h/71b1l3qd1c9...}, goog:chromeOptions: {debuggerAddress: localhost:56985}, javascriptEnabled: true, networkConnectionEnabled: false, pageLoadStrategy: normal, platform: MAC, platformName: MAC, proxy: Proxy(), setWindowRect: true, strictFileInteractability: false, timeouts: {implicit: 0, pageLoad: 300000, script: 30000}, unhandledPromptBehavior: dismiss and notify}
Session ID: 52d1daaadce40f0e814b55740142f2e2
*** Element info: {Using=xpath, value=//input[contains(@placeholder,'Search')]/ancestor::header/following-sibling::main/table//tr}
	at org.openqa.selenium.remote.http.W3CHttpResponseCodec.createException(W3CHttpResponseCodec.java:187)
	at org.openqa.selenium.remote.http.W3CHttpResponseCodec.decode(W3CHttpResponseCodec.java:122)
	at org.openqa.selenium.remote.http.W3CHttpResponseCodec.decode(W3CHttpResponseCodec.java:49)
	at org.openqa.selenium.remote.HttpCommandExecutor.execute(HttpCommandExecutor.java:160)
	at org.openqa.selenium.remote.service.DriverCommandExecutor.execute(DriverCommandExecutor.java:83)
	at org.openqa.selenium.remote.RemoteWebDriver.execute(RemoteWebDriver.java:601)
	at org.openqa.selenium.remote.RemoteWebDriver.findElements(RemoteWebDriver.java:398)
	at org.openqa.selenium.remote.RemoteWebDriver.findElementsByXPath(RemoteWebDriver.java:477)
	at org.openqa.selenium.By$ByXPath.findElements(By.java:356)
	at org.openqa.selenium.remote.RemoteWebDriver.findElements(RemoteWebDriver.java:359)
	at org.openqa.selenium.support.pagefactory.DefaultElementLocator.findElements(DefaultElementLocator.java:85)
	at org.openqa.selenium.support.pagefactory.internal.LocatingElementListHandler.invoke(LocatingElementListHandler.java:36)
	at com.sun.proxy.$Proxy7.size(Unknown Source)
	at com.omnius.documentexplorer.pages.CollectionsPage.getResultsRowCountForCollectionSearch(CollectionsPage.java:85)
	at com.omnius.documentexplorer.pages.CollectionsPage.validateCollectionSearch(CollectionsPage.java:95)
	at documentexplorer.OmniusAssignment.CollectionsTest.checkCollectionSearchFunctionality(CollectionsTest.java:30)
... Removed 31 stack frames]]>
    </failure>
  </testcase> <!-- checkCollectionSearchFunctionality -->
  <testcase name="checkCollectionCreationWithDuplicateName" time="241.113" classname="documentexplorer.OmniusAssignment.CollectionsTest">
    <failure type="java.lang.AssertionError" message="Error message was not displayed expected [true] but found [false]">
      <![CDATA[java.lang.AssertionError: Error message was not displayed expected [true] but found [false]
	at documentexplorer.OmniusAssignment.CollectionsTest.checkCollectionCreationWithDuplicateName(CollectionsTest.java:42)
... Removed 30 stack frames]]>
    </failure>
  </testcase> <!-- checkCollectionCreationWithDuplicateName -->
</testsuite> <!-- Test -->
